  main.cpp
d:\documents\university\comp 4490\project\src\main.cpp(12): warning C4996: 'fopen': This function or variable may be unsafe. Consider using fopen_s instead. To disable deprecation, use _CRT_SECURE_NO_WARNINGS. See online help for details.
  c:\program files (x86)\windows kits\10\include\10.0.16299.0\ucrt\stdio.h(207): note: see declaration of 'fopen'
d:\documents\university\comp 4490\project\src\main.cpp(104): warning C4244: 'argument': conversion from 'const double' to 'unsigned int', possible loss of data
d:\documents\university\comp 4490\project\src\main.cpp(125): warning C4244: 'argument': conversion from 'const double' to 'unsigned int', possible loss of data
  example1.cpp
  Generating Code...
LINK : warning LNK4098: defaultlib 'LIBCMT' conflicts with use of other libs; use /NODEFAULTLIB:library
glew32s.lib(glew.obj) : warning LNK4099: PDB 'vc120.pdb' was not found with 'glew32s.lib(glew.obj)' or at 'D:\Documents\University\COMP 4490\Project\build\vc120.pdb'; linking object as if no debug info
freeglut_staticd.lib(fg_callbacks.obj) : warning LNK4099: PDB 'freeglut_static.pdb' was not found with 'freeglut_staticd.lib(fg_callbacks.obj)' or at 'D:\Documents\University\COMP 4490\Project\build\freeglut_static.pdb'; linking object as if no debug info
freeglut_staticd.lib(fg_cursor.obj) : warning LNK4099: PDB 'freeglut_static.pdb' was not found with 'freeglut_staticd.lib(fg_cursor.obj)' or at 'D:\Documents\University\COMP 4490\Project\build\freeglut_static.pdb'; linking object as if no debug info
freeglut_staticd.lib(fg_display.obj) : warning LNK4099: PDB 'freeglut_static.pdb' was not found with 'freeglut_staticd.lib(fg_display.obj)' or at 'D:\Documents\University\COMP 4490\Project\build\freeglut_static.pdb'; linking object as if no debug info
freeglut_staticd.lib(fg_ext.obj) : warning LNK4099: PDB 'freeglut_static.pdb' was not found with 'freeglut_staticd.lib(fg_ext.obj)' or at 'D:\Documents\University\COMP 4490\Project\build\freeglut_static.pdb'; linking object as if no debug info
freeglut_staticd.lib(fg_font_data.obj) : warning LNK4099: PDB 'freeglut_static.pdb' was not found with 'freeglut_staticd.lib(fg_font_data.obj)' or at 'D:\Documents\University\COMP 4490\Project\build\freeglut_static.pdb'; linking object as if no debug info
freeglut_staticd.lib(fg_gamemode.obj) : warning LNK4099: PDB 'freeglut_static.pdb' was not found with 'freeglut_staticd.lib(fg_gamemode.obj)' or at 'D:\Documents\University\COMP 4490\Project\build\freeglut_static.pdb'; linking object as if no debug info
freeglut_staticd.lib(fg_geometry.obj) : warning LNK4099: PDB 'freeglut_static.pdb' was not found with 'freeglut_staticd.lib(fg_geometry.obj)' or at 'D:\Documents\University\COMP 4490\Project\build\freeglut_static.pdb'; linking object as if no debug info
freeglut_staticd.lib(fg_gl2.obj) : warning LNK4099: PDB 'freeglut_static.pdb' was not found with 'freeglut_staticd.lib(fg_gl2.obj)' or at 'D:\Documents\University\COMP 4490\Project\build\freeglut_static.pdb'; linking object as if no debug info
freeglut_staticd.lib(fg_init.obj) : warning LNK4099: PDB 'freeglut_static.pdb' was not found with 'freeglut_staticd.lib(fg_init.obj)' or at 'D:\Documents\University\COMP 4490\Project\build\freeglut_static.pdb'; linking object as if no debug info
freeglut_staticd.lib(fg_input_devices.obj) : warning LNK4099: PDB 'freeglut_static.pdb' was not found with 'freeglut_staticd.lib(fg_input_devices.obj)' or at 'D:\Documents\University\COMP 4490\Project\build\freeglut_static.pdb'; linking object as if no debug info
freeglut_staticd.lib(fg_joystick.obj) : warning LNK4099: PDB 'freeglut_static.pdb' was not found with 'freeglut_staticd.lib(fg_joystick.obj)' or at 'D:\Documents\University\COMP 4490\Project\build\freeglut_static.pdb'; linking object as if no debug info
freeglut_staticd.lib(fg_main.obj) : warning LNK4099: PDB 'freeglut_static.pdb' was not found with 'freeglut_staticd.lib(fg_main.obj)' or at 'D:\Documents\University\COMP 4490\Project\build\freeglut_static.pdb'; linking object as if no debug info
freeglut_staticd.lib(fg_misc.obj) : warning LNK4099: PDB 'freeglut_static.pdb' was not found with 'freeglut_staticd.lib(fg_misc.obj)' or at 'D:\Documents\University\COMP 4490\Project\build\freeglut_static.pdb'; linking object as if no debug info
freeglut_staticd.lib(fg_overlay.obj) : warning LNK4099: PDB 'freeglut_static.pdb' was not found with 'freeglut_staticd.lib(fg_overlay.obj)' or at 'D:\Documents\University\COMP 4490\Project\build\freeglut_static.pdb'; linking object as if no debug info
freeglut_staticd.lib(fg_spaceball.obj) : warning LNK4099: PDB 'freeglut_static.pdb' was not found with 'freeglut_staticd.lib(fg_spaceball.obj)' or at 'D:\Documents\University\COMP 4490\Project\build\freeglut_static.pdb'; linking object as if no debug info
freeglut_staticd.lib(fg_state.obj) : warning LNK4099: PDB 'freeglut_static.pdb' was not found with 'freeglut_staticd.lib(fg_state.obj)' or at 'D:\Documents\University\COMP 4490\Project\build\freeglut_static.pdb'; linking object as if no debug info
freeglut_staticd.lib(fg_stroke_mono_roman.obj) : warning LNK4099: PDB 'freeglut_static.pdb' was not found with 'freeglut_staticd.lib(fg_stroke_mono_roman.obj)' or at 'D:\Documents\University\COMP 4490\Project\build\freeglut_static.pdb'; linking object as if no debug info
freeglut_staticd.lib(fg_stroke_roman.obj) : warning LNK4099: PDB 'freeglut_static.pdb' was not found with 'freeglut_staticd.lib(fg_stroke_roman.obj)' or at 'D:\Documents\University\COMP 4490\Project\build\freeglut_static.pdb'; linking object as if no debug info
freeglut_staticd.lib(fg_structure.obj) : warning LNK4099: PDB 'freeglut_static.pdb' was not found with 'freeglut_staticd.lib(fg_structure.obj)' or at 'D:\Documents\University\COMP 4490\Project\build\freeglut_static.pdb'; linking object as if no debug info
freeglut_staticd.lib(fg_teapot.obj) : warning LNK4099: PDB 'freeglut_static.pdb' was not found with 'freeglut_staticd.lib(fg_teapot.obj)' or at 'D:\Documents\University\COMP 4490\Project\build\freeglut_static.pdb'; linking object as if no debug info
freeglut_staticd.lib(fg_videoresize.obj) : warning LNK4099: PDB 'freeglut_static.pdb' was not found with 'freeglut_staticd.lib(fg_videoresize.obj)' or at 'D:\Documents\University\COMP 4490\Project\build\freeglut_static.pdb'; linking object as if no debug info
freeglut_staticd.lib(fg_window.obj) : warning LNK4099: PDB 'freeglut_static.pdb' was not found with 'freeglut_staticd.lib(fg_window.obj)' or at 'D:\Documents\University\COMP 4490\Project\build\freeglut_static.pdb'; linking object as if no debug info
freeglut_staticd.lib(fg_font.obj) : warning LNK4099: PDB 'freeglut_static.pdb' was not found with 'freeglut_staticd.lib(fg_font.obj)' or at 'D:\Documents\University\COMP 4490\Project\build\freeglut_static.pdb'; linking object as if no debug info
freeglut_staticd.lib(fg_menu.obj) : warning LNK4099: PDB 'freeglut_static.pdb' was not found with 'freeglut_staticd.lib(fg_menu.obj)' or at 'D:\Documents\University\COMP 4490\Project\build\freeglut_static.pdb'; linking object as if no debug info
freeglut_staticd.lib(fg_cursor_mswin.obj) : warning LNK4099: PDB 'freeglut_static.pdb' was not found with 'freeglut_staticd.lib(fg_cursor_mswin.obj)' or at 'D:\Documents\University\COMP 4490\Project\build\freeglut_static.pdb'; linking object as if no debug info
freeglut_staticd.lib(fg_display_mswin.obj) : warning LNK4099: PDB 'freeglut_static.pdb' was not found with 'freeglut_staticd.lib(fg_display_mswin.obj)' or at 'D:\Documents\University\COMP 4490\Project\build\freeglut_static.pdb'; linking object as if no debug info
freeglut_staticd.lib(fg_ext_mswin.obj) : warning LNK4099: PDB 'freeglut_static.pdb' was not found with 'freeglut_staticd.lib(fg_ext_mswin.obj)' or at 'D:\Documents\University\COMP 4490\Project\build\freeglut_static.pdb'; linking object as if no debug info
freeglut_staticd.lib(fg_gamemode_mswin.obj) : warning LNK4099: PDB 'freeglut_static.pdb' was not found with 'freeglut_staticd.lib(fg_gamemode_mswin.obj)' or at 'D:\Documents\University\COMP 4490\Project\build\freeglut_static.pdb'; linking object as if no debug info
freeglut_staticd.lib(fg_init_mswin.obj) : warning LNK4099: PDB 'freeglut_static.pdb' was not found with 'freeglut_staticd.lib(fg_init_mswin.obj)' or at 'D:\Documents\University\COMP 4490\Project\build\freeglut_static.pdb'; linking object as if no debug info
freeglut_staticd.lib(fg_input_devices_mswin.obj) : warning LNK4099: PDB 'freeglut_static.pdb' was not found with 'freeglut_staticd.lib(fg_input_devices_mswin.obj)' or at 'D:\Documents\University\COMP 4490\Project\build\freeglut_static.pdb'; linking object as if no debug info
freeglut_staticd.lib(fg_joystick_mswin.obj) : warning LNK4099: PDB 'freeglut_static.pdb' was not found with 'freeglut_staticd.lib(fg_joystick_mswin.obj)' or at 'D:\Documents\University\COMP 4490\Project\build\freeglut_static.pdb'; linking object as if no debug info
freeglut_staticd.lib(fg_main_mswin.obj) : warning LNK4099: PDB 'freeglut_static.pdb' was not found with 'freeglut_staticd.lib(fg_main_mswin.obj)' or at 'D:\Documents\University\COMP 4490\Project\build\freeglut_static.pdb'; linking object as if no debug info
freeglut_staticd.lib(fg_menu_mswin.obj) : warning LNK4099: PDB 'freeglut_static.pdb' was not found with 'freeglut_staticd.lib(fg_menu_mswin.obj)' or at 'D:\Documents\University\COMP 4490\Project\build\freeglut_static.pdb'; linking object as if no debug info
freeglut_staticd.lib(fg_spaceball_mswin.obj) : warning LNK4099: PDB 'freeglut_static.pdb' was not found with 'freeglut_staticd.lib(fg_spaceball_mswin.obj)' or at 'D:\Documents\University\COMP 4490\Project\build\freeglut_static.pdb'; linking object as if no debug info
freeglut_staticd.lib(fg_state_mswin.obj) : warning LNK4099: PDB 'freeglut_static.pdb' was not found with 'freeglut_staticd.lib(fg_state_mswin.obj)' or at 'D:\Documents\University\COMP 4490\Project\build\freeglut_static.pdb'; linking object as if no debug info
freeglut_staticd.lib(fg_structure_mswin.obj) : warning LNK4099: PDB 'freeglut_static.pdb' was not found with 'freeglut_staticd.lib(fg_structure_mswin.obj)' or at 'D:\Documents\University\COMP 4490\Project\build\freeglut_static.pdb'; linking object as if no debug info
freeglut_staticd.lib(fg_window_mswin.obj) : warning LNK4099: PDB 'freeglut_static.pdb' was not found with 'freeglut_staticd.lib(fg_window_mswin.obj)' or at 'D:\Documents\University\COMP 4490\Project\build\freeglut_static.pdb'; linking object as if no debug info
freeglut_staticd.lib(xparsegeometry_repl.obj) : warning LNK4099: PDB 'freeglut_static.pdb' was not found with 'freeglut_staticd.lib(xparsegeometry_repl.obj)' or at 'D:\Documents\University\COMP 4490\Project\build\freeglut_static.pdb'; linking object as if no debug info
  opengl.vcxproj -> D:\Documents\University\COMP 4490\Project\\build\opengl.exe
